[debug] [2022-11-08T03:32:45.304Z] ----------------------------------------------------------------------
[debug] [2022-11-08T03:32:45.305Z] Command:       C:\Program Files\nodejs\node.exe C:\Users\jwor1\AppData\Roaming\npm\node_modules\firebase-tools\lib\bin\firebase.js init
[debug] [2022-11-08T03:32:45.305Z] CLI Version:   11.16.0
[debug] [2022-11-08T03:32:45.305Z] Platform:      win32
[debug] [2022-11-08T03:32:45.305Z] Node Version:  v16.18.0
[debug] [2022-11-08T03:32:45.306Z] Time:          Tue Nov 08 2022 12:32:45 GMT+0900 (대한민국 표준시)
[debug] [2022-11-08T03:32:45.306Z] ----------------------------------------------------------------------
[debug] 
[debug] [2022-11-08T03:32:45.356Z] > command requires scopes: ["email","openid","https://www.googleapis.com/auth/cloudplatformprojects.readonly","https://www.googleapis.com/auth/firebase","https://www.googleapis.com/auth/cloud-platform"]
[debug] [2022-11-08T03:32:45.356Z] > authorizing via signed-in user (jwor12427@gmail.com)
[info] 
     ######## #### ########  ######## ########     ###     ######  ########
     ##        ##  ##     ## ##       ##     ##  ##   ##  ##       ##
     ######    ##  ########  ######   ########  #########  ######  ######
     ##        ##  ##    ##  ##       ##     ## ##     ##       ## ##
     ##       #### ##     ## ######## ########  ##     ##  ######  ########

You're about to initialize a Firebase project in this directory:

  C:\Users\jwor1\Documents\vue_api

Before we get started, keep in mind:

  * You are initializing within an existing Firebase project directory

[info] 
=== Project Setup
[info] 
[info] First, let's associate this project directory with a Firebase project.
[info] You can create multiple project aliases by running firebase use --add, 
[info] but for now we'll just set up a default project.
[info] 
[debug] [2022-11-08T03:32:49.496Z] Using project from CLI flag: vueapi10
[debug] [2022-11-08T03:32:49.498Z] >>> [apiv2][query] GET https://firebase.googleapis.com/v1beta1/projects/vueapi10 [none]
[debug] [2022-11-08T03:32:49.929Z] <<< [apiv2][status] GET https://firebase.googleapis.com/v1beta1/projects/vueapi10 200
[debug] [2022-11-08T03:32:49.929Z] <<< [apiv2][body] GET https://firebase.googleapis.com/v1beta1/projects/vueapi10 {"projectId":"vueapi10","projectNumber":"770523884026","displayName":"vueapi10","name":"projects/vueapi10","resources":{"hostingSite":"vueapi10"},"state":"ACTIVE","etag":"1_b2a1145f-63fd-427e-a5c8-8ef804814ea0"}
[info] i  Using project vueapi10 (vueapi10) 
[info] 
=== Hosting:github Setup
[info] 
[info] i  Detected a .git folder at C:\Users\jwor1 
[info] i  Authorizing with GitHub to upload your service account to a GitHub repository's secrets store. 
[info] 
[info] Visit this URL on this device to log in:
[info] https://github.com/login/oauth/authorize?client_id=89cf50f02ac6aaed3484&state=26616683&redirect_uri=http%3A%2F%2Flocalhost%3A9005&scope=read%3Auser%20repo%20public_repo
[info] 
[info] Waiting for authentication...
